2025-10-20 22:36:37.934 INFO  c.k.katalon.core.main.TestSuiteExecutor  - START Test Suites/IFG LIFE/Test Suite IFG Life
2025-10-20 22:36:38.098 INFO  c.k.katalon.core.main.TestSuiteExecutor  - userFullName = Lela Sianturi
2025-10-20 22:36:38.101 INFO  c.k.katalon.core.main.TestSuiteExecutor  - projectName = web-service-tests
2025-10-20 22:36:38.102 INFO  c.k.katalon.core.main.TestSuiteExecutor  - hostName = lelabrsianturi - 192.168.1.3
2025-10-20 22:36:38.104 INFO  c.k.katalon.core.main.TestSuiteExecutor  - os = Mac OS X 64bit
2025-10-20 22:36:38.106 INFO  c.k.katalon.core.main.TestSuiteExecutor  - hostAddress = 192.168.1.3
2025-10-20 22:36:38.107 INFO  c.k.katalon.core.main.TestSuiteExecutor  - katalonVersion = 10.3.1.0
2025-10-20 22:36:38.926 INFO  c.k.katalon.core.main.TestCaseExecutor   - --------------------
2025-10-20 22:36:38.926 INFO  c.k.katalon.core.main.TestCaseExecutor   - START Test Cases/IFG LIFE/TC02_GET USER
2025-10-20 22:36:39.113 DEBUG testcase.TC02_GET USER                   - 1: sendRequest(findTestObject("IFG LIFE/GetUser"))
2025-10-20 22:36:41.018 INFO  c.k.k.core.webservice.common.HarLogger   - HAR: /Users/lelabrsianturi/Katalon Studio/IFG - Test Katalon/Reports/20251020_223631/IFG LIFE/Test Suite IFG Life/20251020_223632/requests/main/GetUser_0.har
2025-10-20 22:36:41.164 INFO  c.k.katalon.core.main.TestCaseExecutor   - END Test Cases/IFG LIFE/TC02_GET USER
2025-10-20 22:36:41.174 INFO  c.k.katalon.core.main.TestCaseExecutor   - --------------------
2025-10-20 22:36:41.174 INFO  c.k.katalon.core.main.TestCaseExecutor   - START Test Cases/IFG LIFE/TC04_DeleteUSer
2025-10-20 22:36:41.310 DEBUG testcase.TC04_DeleteUSer                 - 1: println("Starting IFG LIFE Test Case: TC04_DeleteUser")
Starting IFG LIFE Test Case: TC04_DeleteUser
2025-10-20 22:36:41.318 DEBUG testcase.TC04_DeleteUSer                 - 2: response = sendRequest(findTestObject("IFG LIFE/Delete User"))
2025-10-20 22:36:41.555 INFO  c.k.k.core.webservice.common.HarLogger   - HAR: /Users/lelabrsianturi/Katalon Studio/IFG - Test Katalon/Reports/20251020_223631/IFG LIFE/Test Suite IFG Life/20251020_223632/requests/main/Delete-User_1.har
2025-10-20 22:36:41.564 DEBUG testcase.TC04_DeleteUSer                 - 3: status = response.getStatusCode()
2025-10-20 22:36:41.579 DEBUG testcase.TC04_DeleteUSer                 - 4: body = response.getResponseBodyContent()
2025-10-20 22:36:41.586 DEBUG testcase.TC04_DeleteUSer                 - 5: println(Response status code: $status)
Response status code: 204
2025-10-20 22:36:41.627 DEBUG testcase.TC04_DeleteUSer                 - 6: println("Response body: ")
Response body: 
2025-10-20 22:36:41.632 DEBUG testcase.TC04_DeleteUSer                 - 7: verifyResponseStatusCode(response, 204)
2025-10-20 22:36:41.662 DEBUG testcase.TC04_DeleteUSer                 - 8: assert body == null || trim().isEmpty()
2025-10-20 22:36:41.668 DEBUG testcase.TC04_DeleteUSer                 - 9: println([IFG LIFE] DeleteUser test passed successfully with status $status)
[IFG LIFE] DeleteUser test passed successfully with status 204
2025-10-20 22:36:41.673 INFO  c.k.katalon.core.main.TestCaseExecutor   - END Test Cases/IFG LIFE/TC04_DeleteUSer
2025-10-20 22:36:41.679 INFO  c.k.katalon.core.main.TestCaseExecutor   - --------------------
2025-10-20 22:36:41.679 INFO  c.k.katalon.core.main.TestCaseExecutor   - START Test Cases/IFG LIFE/TC01_CreatUser
2025-10-20 22:36:41.820 DEBUG testcase.TC01_CreatUser                  - 1: response = sendRequest(findTestObject("IFG LIFE/Creat User"))
2025-10-20 22:36:42.062 INFO  c.k.k.core.webservice.common.HarLogger   - HAR: /Users/lelabrsianturi/Katalon Studio/IFG - Test Katalon/Reports/20251020_223631/IFG LIFE/Test Suite IFG Life/20251020_223632/requests/main/Creat-User_2.har
2025-10-20 22:36:42.069 DEBUG testcase.TC01_CreatUser                  - 2: status = response.getStatusCode()
2025-10-20 22:36:42.073 DEBUG testcase.TC01_CreatUser                  - 3: println(Actual status code: $status)
Actual status code: 401
2025-10-20 22:36:42.080 DEBUG testcase.TC01_CreatUser                  - 4: assert status == 200 || status == 201
2025-10-20 22:36:42.089 ERROR c.k.katalon.core.main.TestCaseExecutor   - ❌ Test Cases/IFG LIFE/TC01_CreatUser FAILED.
Reason:
java.lang.AssertionError: Unexpected status code: 401. Expression: ((status == 200) || (status == 201)). Values: status = 401, status = 401
	at TC01_CreatUser.run(TC01_CreatUser:26)
	at com.kms.katalon.core.main.ScriptEngine.run(ScriptEngine.java:194)
	at com.kms.katalon.core.main.ScriptEngine.runScriptAsRawText(ScriptEngine.java:119)
	at com.kms.katalon.core.main.TestCaseExecutor.runScript(TestCaseExecutor.java:486)
	at com.kms.katalon.core.main.TestCaseExecutor.doExecute(TestCaseExecutor.java:477)
	at com.kms.katalon.core.main.TestCaseExecutor.processExecutionPhase(TestCaseExecutor.java:456)
	at com.kms.katalon.core.main.TestCaseExecutor.accessMainPhase(TestCaseExecutor.java:448)
	at com.kms.katalon.core.main.TestCaseExecutor.execute(TestCaseExecutor.java:322)
	at com.kms.katalon.core.common.CommonExecutor.accessTestCaseMainPhase(CommonExecutor.java:71)
	at com.kms.katalon.core.main.TestSuiteExecutor.accessTestSuiteMainPhase(TestSuiteExecutor.java:145)
	at com.kms.katalon.core.main.TestSuiteExecutor.execute(TestSuiteExecutor.java:104)
	at com.kms.katalon.core.main.TestCaseMain.startTestSuite(TestCaseMain.java:205)
	at TempTestSuite1760974592508.run(TempTestSuite1760974592508.groovy:35)
	at java.base/jdk.internal.reflect.NativeMethodAccessorImpl.invoke0(Native Method)
	at java.base/jdk.internal.reflect.NativeMethodAccessorImpl.invoke(NativeMethodAccessorImpl.java:77)
	at java.base/jdk.internal.reflect.DelegatingMethodAccessorImpl.invoke(DelegatingMethodAccessorImpl.java:43)

2025-10-20 22:36:42.100 ERROR c.k.katalon.core.main.TestCaseExecutor   - ❌ Test Cases/IFG LIFE/TC01_CreatUser FAILED.
Reason:
java.lang.AssertionError: Unexpected status code: 401. Expression: ((status == 200) || (status == 201)). Values: status = 401, status = 401
	at TC01_CreatUser.run(TC01_CreatUser:26)
	at com.kms.katalon.core.main.ScriptEngine.run(ScriptEngine.java:194)
	at com.kms.katalon.core.main.ScriptEngine.runScriptAsRawText(ScriptEngine.java:119)
	at com.kms.katalon.core.main.TestCaseExecutor.runScript(TestCaseExecutor.java:486)
	at com.kms.katalon.core.main.TestCaseExecutor.doExecute(TestCaseExecutor.java:477)
	at com.kms.katalon.core.main.TestCaseExecutor.processExecutionPhase(TestCaseExecutor.java:456)
	at com.kms.katalon.core.main.TestCaseExecutor.accessMainPhase(TestCaseExecutor.java:448)
	at com.kms.katalon.core.main.TestCaseExecutor.execute(TestCaseExecutor.java:322)
	at com.kms.katalon.core.common.CommonExecutor.accessTestCaseMainPhase(CommonExecutor.java:71)
	at com.kms.katalon.core.main.TestSuiteExecutor.accessTestSuiteMainPhase(TestSuiteExecutor.java:145)
	at com.kms.katalon.core.main.TestSuiteExecutor.execute(TestSuiteExecutor.java:104)
	at com.kms.katalon.core.main.TestCaseMain.startTestSuite(TestCaseMain.java:205)
	at TempTestSuite1760974592508.run(TempTestSuite1760974592508.groovy:35)
	at java.base/jdk.internal.reflect.NativeMethodAccessorImpl.invoke0(Native Method)
	at java.base/jdk.internal.reflect.NativeMethodAccessorImpl.invoke(NativeMethodAccessorImpl.java:77)
	at java.base/jdk.internal.reflect.DelegatingMethodAccessorImpl.invoke(DelegatingMethodAccessorImpl.java:43)

2025-10-20 22:36:42.105 INFO  c.k.katalon.core.main.TestCaseExecutor   - END Test Cases/IFG LIFE/TC01_CreatUser
2025-10-20 22:36:42.110 INFO  c.k.katalon.core.main.TestCaseExecutor   - --------------------
2025-10-20 22:36:42.110 INFO  c.k.katalon.core.main.TestCaseExecutor   - START Test Cases/IFG LIFE/TC01_CreatUser
2025-10-20 22:36:42.130 DEBUG testcase.TC01_CreatUser                  - 1: response = sendRequest(findTestObject("IFG LIFE/Creat User"))
2025-10-20 22:36:42.352 INFO  c.k.k.core.webservice.common.HarLogger   - HAR: /Users/lelabrsianturi/Katalon Studio/IFG - Test Katalon/Reports/20251020_223631/IFG LIFE/Test Suite IFG Life/20251020_223632/requests/main/Creat-User_3.har
2025-10-20 22:36:42.357 DEBUG testcase.TC01_CreatUser                  - 2: status = response.getStatusCode()
2025-10-20 22:36:42.362 DEBUG testcase.TC01_CreatUser                  - 3: println(Actual status code: $status)
Actual status code: 401
2025-10-20 22:36:42.366 DEBUG testcase.TC01_CreatUser                  - 4: assert status == 200 || status == 201
2025-10-20 22:36:42.369 ERROR c.k.katalon.core.main.TestCaseExecutor   - ❌ Test Cases/IFG LIFE/TC01_CreatUser FAILED.
Reason:
java.lang.AssertionError: Unexpected status code: 401. Expression: ((status == 200) || (status == 201)). Values: status = 401, status = 401
	at TC01_CreatUser.run(TC01_CreatUser:26)
	at com.kms.katalon.core.main.ScriptEngine.run(ScriptEngine.java:194)
	at com.kms.katalon.core.main.ScriptEngine.runScriptAsRawText(ScriptEngine.java:119)
	at com.kms.katalon.core.main.TestCaseExecutor.runScript(TestCaseExecutor.java:486)
	at com.kms.katalon.core.main.TestCaseExecutor.doExecute(TestCaseExecutor.java:477)
	at com.kms.katalon.core.main.TestCaseExecutor.processExecutionPhase(TestCaseExecutor.java:456)
	at com.kms.katalon.core.main.TestCaseExecutor.accessMainPhase(TestCaseExecutor.java:448)
	at com.kms.katalon.core.main.TestCaseExecutor.execute(TestCaseExecutor.java:322)
	at com.kms.katalon.core.main.TestCaseExecutor.execute(TestCaseExecutor.java:406)
	at com.kms.katalon.core.common.CommonExecutor.accessTestCaseMainPhase(CommonExecutor.java:71)
	at com.kms.katalon.core.main.TestSuiteExecutor.accessTestSuiteMainPhase(TestSuiteExecutor.java:145)
	at com.kms.katalon.core.main.TestSuiteExecutor.execute(TestSuiteExecutor.java:104)
	at com.kms.katalon.core.main.TestCaseMain.startTestSuite(TestCaseMain.java:205)
	at TempTestSuite1760974592508.run(TempTestSuite1760974592508.groovy:35)
	at java.base/jdk.internal.reflect.NativeMethodAccessorImpl.invoke0(Native Method)
	at java.base/jdk.internal.reflect.NativeMethodAccessorImpl.invoke(NativeMethodAccessorImpl.java:77)
	at java.base/jdk.internal.reflect.DelegatingMethodAccessorImpl.invoke(DelegatingMethodAccessorImpl.java:43)

2025-10-20 22:36:42.373 ERROR c.k.katalon.core.main.TestCaseExecutor   - ❌ Test Cases/IFG LIFE/TC01_CreatUser FAILED.
Reason:
java.lang.AssertionError: Unexpected status code: 401. Expression: ((status == 200) || (status == 201)). Values: status = 401, status = 401
	at TC01_CreatUser.run(TC01_CreatUser:26)
	at com.kms.katalon.core.main.ScriptEngine.run(ScriptEngine.java:194)
	at com.kms.katalon.core.main.ScriptEngine.runScriptAsRawText(ScriptEngine.java:119)
	at com.kms.katalon.core.main.TestCaseExecutor.runScript(TestCaseExecutor.java:486)
	at com.kms.katalon.core.main.TestCaseExecutor.doExecute(TestCaseExecutor.java:477)
	at com.kms.katalon.core.main.TestCaseExecutor.processExecutionPhase(TestCaseExecutor.java:456)
	at com.kms.katalon.core.main.TestCaseExecutor.accessMainPhase(TestCaseExecutor.java:448)
	at com.kms.katalon.core.main.TestCaseExecutor.execute(TestCaseExecutor.java:322)
	at com.kms.katalon.core.main.TestCaseExecutor.execute(TestCaseExecutor.java:406)
	at com.kms.katalon.core.common.CommonExecutor.accessTestCaseMainPhase(CommonExecutor.java:71)
	at com.kms.katalon.core.main.TestSuiteExecutor.accessTestSuiteMainPhase(TestSuiteExecutor.java:145)
	at com.kms.katalon.core.main.TestSuiteExecutor.execute(TestSuiteExecutor.java:104)
	at com.kms.katalon.core.main.TestCaseMain.startTestSuite(TestCaseMain.java:205)
	at TempTestSuite1760974592508.run(TempTestSuite1760974592508.groovy:35)
	at java.base/jdk.internal.reflect.NativeMethodAccessorImpl.invoke0(Native Method)
	at java.base/jdk.internal.reflect.NativeMethodAccessorImpl.invoke(NativeMethodAccessorImpl.java:77)
	at java.base/jdk.internal.reflect.DelegatingMethodAccessorImpl.invoke(DelegatingMethodAccessorImpl.java:43)

2025-10-20 22:36:42.378 INFO  c.k.katalon.core.main.TestCaseExecutor   - END Test Cases/IFG LIFE/TC01_CreatUser
2025-10-20 22:36:42.383 INFO  c.k.katalon.core.main.TestCaseExecutor   - --------------------
2025-10-20 22:36:42.383 INFO  c.k.katalon.core.main.TestCaseExecutor   - START Test Cases/IFG LIFE/TC01_CreatUser
2025-10-20 22:36:42.402 DEBUG testcase.TC01_CreatUser                  - 1: response = sendRequest(findTestObject("IFG LIFE/Creat User"))
2025-10-20 22:36:42.624 INFO  c.k.k.core.webservice.common.HarLogger   - HAR: /Users/lelabrsianturi/Katalon Studio/IFG - Test Katalon/Reports/20251020_223631/IFG LIFE/Test Suite IFG Life/20251020_223632/requests/main/Creat-User_4.har
2025-10-20 22:36:42.628 DEBUG testcase.TC01_CreatUser                  - 2: status = response.getStatusCode()
2025-10-20 22:36:42.630 DEBUG testcase.TC01_CreatUser                  - 3: println(Actual status code: $status)
Actual status code: 401
2025-10-20 22:36:42.631 DEBUG testcase.TC01_CreatUser                  - 4: assert status == 200 || status == 201
2025-10-20 22:36:42.633 ERROR c.k.katalon.core.main.TestCaseExecutor   - ❌ Test Cases/IFG LIFE/TC01_CreatUser FAILED.
Reason:
java.lang.AssertionError: Unexpected status code: 401. Expression: ((status == 200) || (status == 201)). Values: status = 401, status = 401
	at TC01_CreatUser.run(TC01_CreatUser:26)
	at com.kms.katalon.core.main.ScriptEngine.run(ScriptEngine.java:194)
	at com.kms.katalon.core.main.ScriptEngine.runScriptAsRawText(ScriptEngine.java:119)
	at com.kms.katalon.core.main.TestCaseExecutor.runScript(TestCaseExecutor.java:486)
	at com.kms.katalon.core.main.TestCaseExecutor.doExecute(TestCaseExecutor.java:477)
	at com.kms.katalon.core.main.TestCaseExecutor.processExecutionPhase(TestCaseExecutor.java:456)
	at com.kms.katalon.core.main.TestCaseExecutor.accessMainPhase(TestCaseExecutor.java:448)
	at com.kms.katalon.core.main.TestCaseExecutor.execute(TestCaseExecutor.java:322)
	at com.kms.katalon.core.main.TestCaseExecutor.execute(TestCaseExecutor.java:406)
	at com.kms.katalon.core.main.TestCaseExecutor.execute(TestCaseExecutor.java:406)
	at com.kms.katalon.core.common.CommonExecutor.accessTestCaseMainPhase(CommonExecutor.java:71)
	at com.kms.katalon.core.main.TestSuiteExecutor.accessTestSuiteMainPhase(TestSuiteExecutor.java:145)
	at com.kms.katalon.core.main.TestSuiteExecutor.execute(TestSuiteExecutor.java:104)
	at com.kms.katalon.core.main.TestCaseMain.startTestSuite(TestCaseMain.java:205)
	at TempTestSuite1760974592508.run(TempTestSuite1760974592508.groovy:35)
	at java.base/jdk.internal.reflect.NativeMethodAccessorImpl.invoke0(Native Method)
	at java.base/jdk.internal.reflect.NativeMethodAccessorImpl.invoke(NativeMethodAccessorImpl.java:77)
	at java.base/jdk.internal.reflect.DelegatingMethodAccessorImpl.invoke(DelegatingMethodAccessorImpl.java:43)

2025-10-20 22:36:42.637 ERROR c.k.katalon.core.main.TestCaseExecutor   - ❌ Test Cases/IFG LIFE/TC01_CreatUser FAILED.
Reason:
java.lang.AssertionError: Unexpected status code: 401. Expression: ((status == 200) || (status == 201)). Values: status = 401, status = 401
	at TC01_CreatUser.run(TC01_CreatUser:26)
	at com.kms.katalon.core.main.ScriptEngine.run(ScriptEngine.java:194)
	at com.kms.katalon.core.main.ScriptEngine.runScriptAsRawText(ScriptEngine.java:119)
	at com.kms.katalon.core.main.TestCaseExecutor.runScript(TestCaseExecutor.java:486)
	at com.kms.katalon.core.main.TestCaseExecutor.doExecute(TestCaseExecutor.java:477)
	at com.kms.katalon.core.main.TestCaseExecutor.processExecutionPhase(TestCaseExecutor.java:456)
	at com.kms.katalon.core.main.TestCaseExecutor.accessMainPhase(TestCaseExecutor.java:448)
	at com.kms.katalon.core.main.TestCaseExecutor.execute(TestCaseExecutor.java:322)
	at com.kms.katalon.core.main.TestCaseExecutor.execute(TestCaseExecutor.java:406)
	at com.kms.katalon.core.main.TestCaseExecutor.execute(TestCaseExecutor.java:406)
	at com.kms.katalon.core.common.CommonExecutor.accessTestCaseMainPhase(CommonExecutor.java:71)
	at com.kms.katalon.core.main.TestSuiteExecutor.accessTestSuiteMainPhase(TestSuiteExecutor.java:145)
	at com.kms.katalon.core.main.TestSuiteExecutor.execute(TestSuiteExecutor.java:104)
	at com.kms.katalon.core.main.TestCaseMain.startTestSuite(TestCaseMain.java:205)
	at TempTestSuite1760974592508.run(TempTestSuite1760974592508.groovy:35)
	at java.base/jdk.internal.reflect.NativeMethodAccessorImpl.invoke0(Native Method)
	at java.base/jdk.internal.reflect.NativeMethodAccessorImpl.invoke(NativeMethodAccessorImpl.java:77)
	at java.base/jdk.internal.reflect.DelegatingMethodAccessorImpl.invoke(DelegatingMethodAccessorImpl.java:43)

2025-10-20 22:36:42.640 INFO  c.k.katalon.core.main.TestCaseExecutor   - END Test Cases/IFG LIFE/TC01_CreatUser
2025-10-20 22:36:42.646 INFO  c.k.katalon.core.main.TestCaseExecutor   - --------------------
2025-10-20 22:36:42.646 INFO  c.k.katalon.core.main.TestCaseExecutor   - START Test Cases/IFG LIFE/TC01_CreatUser
2025-10-20 22:36:42.664 DEBUG testcase.TC01_CreatUser                  - 1: response = sendRequest(findTestObject("IFG LIFE/Creat User"))
2025-10-20 22:36:42.892 INFO  c.k.k.core.webservice.common.HarLogger   - HAR: /Users/lelabrsianturi/Katalon Studio/IFG - Test Katalon/Reports/20251020_223631/IFG LIFE/Test Suite IFG Life/20251020_223632/requests/main/Creat-User_5.har
2025-10-20 22:36:42.897 DEBUG testcase.TC01_CreatUser                  - 2: status = response.getStatusCode()
2025-10-20 22:36:42.899 DEBUG testcase.TC01_CreatUser                  - 3: println(Actual status code: $status)
Actual status code: 401
2025-10-20 22:36:42.902 DEBUG testcase.TC01_CreatUser                  - 4: assert status == 200 || status == 201
2025-10-20 22:36:42.906 ERROR c.k.katalon.core.main.TestCaseExecutor   - ❌ Test Cases/IFG LIFE/TC01_CreatUser FAILED.
Reason:
java.lang.AssertionError: Unexpected status code: 401. Expression: ((status == 200) || (status == 201)). Values: status = 401, status = 401
	at TC01_CreatUser.run(TC01_CreatUser:26)
	at com.kms.katalon.core.main.ScriptEngine.run(ScriptEngine.java:194)
	at com.kms.katalon.core.main.ScriptEngine.runScriptAsRawText(ScriptEngine.java:119)
	at com.kms.katalon.core.main.TestCaseExecutor.runScript(TestCaseExecutor.java:486)
	at com.kms.katalon.core.main.TestCaseExecutor.doExecute(TestCaseExecutor.java:477)
	at com.kms.katalon.core.main.TestCaseExecutor.processExecutionPhase(TestCaseExecutor.java:456)
	at com.kms.katalon.core.main.TestCaseExecutor.accessMainPhase(TestCaseExecutor.java:448)
	at com.kms.katalon.core.main.TestCaseExecutor.execute(TestCaseExecutor.java:322)
	at com.kms.katalon.core.main.TestCaseExecutor.execute(TestCaseExecutor.java:406)
	at com.kms.katalon.core.main.TestCaseExecutor.execute(TestCaseExecutor.java:406)
	at com.kms.katalon.core.main.TestCaseExecutor.execute(TestCaseExecutor.java:406)
	at com.kms.katalon.core.common.CommonExecutor.accessTestCaseMainPhase(CommonExecutor.java:71)
	at com.kms.katalon.core.main.TestSuiteExecutor.accessTestSuiteMainPhase(TestSuiteExecutor.java:145)
	at com.kms.katalon.core.main.TestSuiteExecutor.execute(TestSuiteExecutor.java:104)
	at com.kms.katalon.core.main.TestCaseMain.startTestSuite(TestCaseMain.java:205)
	at TempTestSuite1760974592508.run(TempTestSuite1760974592508.groovy:35)
	at java.base/jdk.internal.reflect.NativeMethodAccessorImpl.invoke0(Native Method)
	at java.base/jdk.internal.reflect.NativeMethodAccessorImpl.invoke(NativeMethodAccessorImpl.java:77)
	at java.base/jdk.internal.reflect.DelegatingMethodAccessorImpl.invoke(DelegatingMethodAccessorImpl.java:43)

2025-10-20 22:36:42.912 ERROR c.k.katalon.core.main.TestCaseExecutor   - ❌ Test Cases/IFG LIFE/TC01_CreatUser FAILED.
Reason:
java.lang.AssertionError: Unexpected status code: 401. Expression: ((status == 200) || (status == 201)). Values: status = 401, status = 401
	at TC01_CreatUser.run(TC01_CreatUser:26)
	at com.kms.katalon.core.main.ScriptEngine.run(ScriptEngine.java:194)
	at com.kms.katalon.core.main.ScriptEngine.runScriptAsRawText(ScriptEngine.java:119)
	at com.kms.katalon.core.main.TestCaseExecutor.runScript(TestCaseExecutor.java:486)
	at com.kms.katalon.core.main.TestCaseExecutor.doExecute(TestCaseExecutor.java:477)
	at com.kms.katalon.core.main.TestCaseExecutor.processExecutionPhase(TestCaseExecutor.java:456)
	at com.kms.katalon.core.main.TestCaseExecutor.accessMainPhase(TestCaseExecutor.java:448)
	at com.kms.katalon.core.main.TestCaseExecutor.execute(TestCaseExecutor.java:322)
	at com.kms.katalon.core.main.TestCaseExecutor.execute(TestCaseExecutor.java:406)
	at com.kms.katalon.core.main.TestCaseExecutor.execute(TestCaseExecutor.java:406)
	at com.kms.katalon.core.main.TestCaseExecutor.execute(TestCaseExecutor.java:406)
	at com.kms.katalon.core.common.CommonExecutor.accessTestCaseMainPhase(CommonExecutor.java:71)
	at com.kms.katalon.core.main.TestSuiteExecutor.accessTestSuiteMainPhase(TestSuiteExecutor.java:145)
	at com.kms.katalon.core.main.TestSuiteExecutor.execute(TestSuiteExecutor.java:104)
	at com.kms.katalon.core.main.TestCaseMain.startTestSuite(TestCaseMain.java:205)
	at TempTestSuite1760974592508.run(TempTestSuite1760974592508.groovy:35)
	at java.base/jdk.internal.reflect.NativeMethodAccessorImpl.invoke0(Native Method)
	at java.base/jdk.internal.reflect.NativeMethodAccessorImpl.invoke(NativeMethodAccessorImpl.java:77)
	at java.base/jdk.internal.reflect.DelegatingMethodAccessorImpl.invoke(DelegatingMethodAccessorImpl.java:43)

2025-10-20 22:36:42.916 INFO  c.k.katalon.core.main.TestCaseExecutor   - END Test Cases/IFG LIFE/TC01_CreatUser
2025-10-20 22:36:42.924 INFO  c.k.katalon.core.main.TestCaseExecutor   - --------------------
2025-10-20 22:36:42.924 INFO  c.k.katalon.core.main.TestCaseExecutor   - START Test Cases/IFG LIFE/TC03_UpdateUser
2025-10-20 22:36:43.132 DEBUG testcase.TC03_UpdateUser                 - 1: println("Starting IFG LIFE Test Case: TC03_UpdateUser")
Starting IFG LIFE Test Case: TC03_UpdateUser
2025-10-20 22:36:43.137 DEBUG testcase.TC03_UpdateUser                 - 2: response = sendRequest(findTestObject("IFG LIFE/Update user"))
2025-10-20 22:36:43.366 INFO  c.k.k.core.webservice.common.HarLogger   - HAR: /Users/lelabrsianturi/Katalon Studio/IFG - Test Katalon/Reports/20251020_223631/IFG LIFE/Test Suite IFG Life/20251020_223632/requests/main/Update-user_6.har
2025-10-20 22:36:43.373 DEBUG testcase.TC03_UpdateUser                 - 3: status = response.getStatusCode()
2025-10-20 22:36:43.381 DEBUG testcase.TC03_UpdateUser                 - 4: body = response.getResponseBodyContent()
2025-10-20 22:36:43.386 DEBUG testcase.TC03_UpdateUser                 - 5: println(Response status code: $status)
Response status code: 200
2025-10-20 22:36:43.396 DEBUG testcase.TC03_UpdateUser                 - 6: println("Response body: " + body)
Response body: {"name":"lela","job":"QA","updatedAt":"2025-10-20T15:36:43.273Z"}
2025-10-20 22:36:43.401 DEBUG testcase.TC03_UpdateUser                 - 7: verifyResponseStatusCode(response, 200)
2025-10-20 22:36:43.409 DEBUG testcase.TC03_UpdateUser                 - 8: jsonResponse = JsonSlurper().parseText(body)
2025-10-20 22:36:43.438 DEBUG testcase.TC03_UpdateUser                 - 9: assert jsonResponse.containsKey("updatedAt") : "Response doesn't contain 'updatedAt' field"
2025-10-20 22:36:43.453 DEBUG testcase.TC03_UpdateUser                 - 10: println(Actual name returned: $jsonResponse.name)
Actual name returned: lela
2025-10-20 22:36:43.460 DEBUG testcase.TC03_UpdateUser                 - 11: println(Actual job returned: $jsonResponse.job)
Actual job returned: QA
2025-10-20 22:36:43.469 DEBUG testcase.TC03_UpdateUser                 - 12: assert name != null && job != null : "Response missing name/job"
2025-10-20 22:36:43.475 DEBUG testcase.TC03_UpdateUser                 - 13: println([IFG LIFE] UpdateUser test passed successfully with status $status)
[IFG LIFE] UpdateUser test passed successfully with status 200
2025-10-20 22:36:43.481 INFO  c.k.katalon.core.main.TestCaseExecutor   - END Test Cases/IFG LIFE/TC03_UpdateUser
2025-10-20 22:36:43.558 INFO  c.k.katalon.core.main.TestSuiteExecutor  - --------------------
2025-10-20 22:36:43.558 INFO  c.k.katalon.core.main.TestSuiteExecutor  - END Test Suites/IFG LIFE/Test Suite IFG Life
2025-10-20 22:36:43.558 INFO  c.k.katalon.core.main.TestSuiteExecutor  - ====================
